<?xml version="1.0" encoding="UTF-8"?>
<!-- Generated by org.testng.reporters.JUnitXMLReporter -->
<testsuite ignored="12" hostname="SAHAL" failures="0" tests="1" name="Default test" time="17.823" errors="0" timestamp="2023-10-06T00:30:21 IST">
  <testcase classname="org.ictak.testcase.AdminTC2" name="Admin_SR_08" time="4.125"/>
  <testcase classname="org.ictak.testcase.AdminTC2" name="Admin_AP_05" time="0.0">
    <ignored/>
  </testcase> <!-- Admin_AP_05 -->
  <testcase classname="org.ictak.testcase.AdminTC2" name="Admin_SR_03" time="0.0">
    <ignored/>
  </testcase> <!-- Admin_SR_03 -->
  <testcase classname="org.ictak.testcase.AdminTC2" name="Admin_SR_01" time="0.0">
    <ignored/>
  </testcase> <!-- Admin_SR_01 -->
  <testcase classname="org.ictak.testcase.AdminTC2" name="Admin_AP_04" time="0.0">
    <ignored/>
  </testcase> <!-- Admin_AP_04 -->
  <testcase classname="org.ictak.testcase.AdminTC2" name="Admin_SR_02" time="0.0">
    <ignored/>
  </testcase> <!-- Admin_SR_02 -->
  <testcase classname="org.ictak.testcase.AdminTC2" name="Admin_SR_07" time="0.0">
    <ignored/>
  </testcase> <!-- Admin_SR_07 -->
  <testcase classname="org.ictak.testcase.AdminTC2" name="Admin_SR_05" time="0.0">
    <ignored/>
  </testcase> <!-- Admin_SR_05 -->
  <testcase classname="org.ictak.testcase.AdminTC2" name="Admin_SR_06" time="0.0">
    <ignored/>
  </testcase> <!-- Admin_SR_06 -->
  <testcase classname="org.ictak.testcase.AdminTC2" name="Admin_AP_02" time="0.0">
    <ignored/>
  </testcase> <!-- Admin_AP_02 -->
  <testcase classname="org.ictak.testcase.AdminTC2" name="Admin_AP_01" time="0.0">
    <ignored/>
  </testcase> <!-- Admin_AP_01 -->
  <testcase classname="org.ictak.testcase.AdminTC2" name="Admin_SR_04" time="0.0">
    <ignored/>
  </testcase> <!-- Admin_SR_04 -->
  <testcase classname="org.ictak.testcase.AdminTC2" name="Admin_AP_03" time="0.0">
    <ignored/>
  </testcase> <!-- Admin_AP_03 -->
</testsuite> <!-- Default test -->
