<?xml version="1.0" encoding="UTF-8"?>
<!-- Generated by org.testng.reporters.JUnitXMLReporter -->
<testsuite ignored="14" hostname="SAHAL" failures="0" tests="1" name="Default test" time="79.871" errors="0" timestamp="2023-10-04T21:51:06 IST">
  <testcase classname="org.ictak.testcase.FacultyTC" name="FACULTY_A15" time="4.767"/>
  <testcase classname="org.ictak.testcase.FacultyTC" name="FACULTY_A05" time="0.0">
    <ignored/>
  </testcase> <!-- FACULTY_A05 -->
  <testcase classname="org.ictak.testcase.FacultyTC" name="FACULTY_A03" time="0.0">
    <ignored/>
  </testcase> <!-- FACULTY_A03 -->
  <testcase classname="org.ictak.testcase.FacultyTC" name="FACULTY_A14" time="0.0">
    <ignored/>
  </testcase> <!-- FACULTY_A14 -->
  <testcase classname="org.ictak.testcase.FacultyTC" name="FACULTY_A04" time="0.0">
    <ignored/>
  </testcase> <!-- FACULTY_A04 -->
  <testcase classname="org.ictak.testcase.FacultyTC" name="FACULTY_A06" time="0.0">
    <ignored/>
  </testcase> <!-- FACULTY_A06 -->
  <testcase classname="org.ictak.testcase.FacultyTC" name="FACULTY_A09" time="0.0">
    <ignored/>
  </testcase> <!-- FACULTY_A09 -->
  <testcase classname="org.ictak.testcase.FacultyTC" name="FACULTY_A02" time="0.0">
    <ignored/>
  </testcase> <!-- FACULTY_A02 -->
  <testcase classname="org.ictak.testcase.FacultyTC" name="FACULTY_A13" time="0.0">
    <ignored/>
  </testcase> <!-- FACULTY_A13 -->
  <testcase classname="org.ictak.testcase.FacultyTC" name="FACULTY_A07" time="0.0">
    <ignored/>
  </testcase> <!-- FACULTY_A07 -->
  <testcase classname="org.ictak.testcase.FacultyTC" name="FACULTY_A08" time="0.0">
    <ignored/>
  </testcase> <!-- FACULTY_A08 -->
  <testcase classname="org.ictak.testcase.FacultyTC" name="FACULTY_A01" time="0.0">
    <ignored/>
  </testcase> <!-- FACULTY_A01 -->
  <testcase classname="org.ictak.testcase.FacultyTC" name="FACULTY_A12" time="0.0">
    <ignored/>
  </testcase> <!-- FACULTY_A12 -->
  <testcase classname="org.ictak.testcase.FacultyTC" name="FACULTY_A10" time="0.0">
    <ignored/>
  </testcase> <!-- FACULTY_A10 -->
  <testcase classname="org.ictak.testcase.FacultyTC" name="FACULTY_A11" time="0.0">
    <ignored/>
  </testcase> <!-- FACULTY_A11 -->
</testsuite> <!-- Default test -->
