<?xml version="1.0" encoding="UTF-8"?>
<testng-results ignored="0" total="1" passed="1" failed="0" skipped="0">
  <reporter-output>
  </reporter-output>
  <suite started-at="2023-10-04T21:49:46 IST" name="Default suite" finished-at="2023-10-04T21:51:06 IST" duration-ms="79871">
    <groups>
    </groups>
    <test started-at="2023-10-04T21:49:46 IST" name="Default test" finished-at="2023-10-04T21:51:06 IST" duration-ms="79871">
      <class name="org.ictak.testcase.FacultyTC">
        <test-method is-config="true" signature="intilization()[pri:0, instance:org.ictak.testcase.FacultyTC@1aafa419]" started-at="2023-10-04T21:49:46 IST" name="intilization" finished-at="2023-10-04T21:51:01 IST" duration-ms="75064" status="PASS">
          <reporter-output>
          </reporter-output>
        </test-method> <!-- intilization -->
        <test-method signature="FACULTY_A15()[pri:0, instance:org.ictak.testcase.FacultyTC@1aafa419]" started-at="2023-10-04T21:51:01 IST" name="FACULTY_A15" finished-at="2023-10-04T21:51:06 IST" duration-ms="4767" status="PASS">
          <reporter-output>
          </reporter-output>
        </test-method> <!-- FACULTY_A15 -->
      </class> <!-- org.ictak.testcase.FacultyTC -->
    </test> <!-- Default test -->
  </suite> <!-- Default suite -->
</testng-results>
