<?xml version="1.0" encoding="UTF-8"?>
<testng-results ignored="0" total="1" passed="1" failed="0" skipped="0">
  <reporter-output>
  </reporter-output>
  <suite started-at="2023-10-06T00:30:03 IST" name="Default suite" finished-at="2023-10-06T00:30:21 IST" duration-ms="17823">
    <groups>
    </groups>
    <test started-at="2023-10-06T00:30:03 IST" name="Default test" finished-at="2023-10-06T00:30:21 IST" duration-ms="17823">
      <class name="org.ictak.testcase.AdminTC2">
        <test-method is-config="true" signature="intilization()[pri:0, instance:org.ictak.testcase.AdminTC2@7b2bbc3]" started-at="2023-10-06T00:30:03 IST" name="intilization" finished-at="2023-10-06T00:30:17 IST" duration-ms="13649" status="PASS">
          <reporter-output>
          </reporter-output>
        </test-method> <!-- intilization -->
        <test-method signature="Admin_SR_08()[pri:0, instance:org.ictak.testcase.AdminTC2@7b2bbc3]" started-at="2023-10-06T00:30:17 IST" name="Admin_SR_08" finished-at="2023-10-06T00:30:21 IST" duration-ms="4125" status="PASS">
          <reporter-output>
          </reporter-output>
        </test-method> <!-- Admin_SR_08 -->
      </class> <!-- org.ictak.testcase.AdminTC2 -->
    </test> <!-- Default test -->
  </suite> <!-- Default suite -->
</testng-results>
